Build started 31.03.2014 11:02:43.
     1>Project "C:\Users\Екатерина\Desktop\Новая папка\geometry\geometry\geometry.vcxproj" on node 2 (Build target(s)).
     1>ClCompile:
         C:\Program Files (x86)\Microsoft Visual Studio 12.0\VC\bin\CL.exe /c /ZI /nologo /W3 /WX- /Od /Oy- /D WIN32 /D _DEBUG /D _CONSOLE /D _LIB /D _UNICODE /D UNICODE /Gm /EHsc /RTC1 /MDd /GS /fp:precise /Zc:wchar_t /Zc:forScope /Fo"Debug\\" /Fd"Debug\vc120.pdb" /Gd /TP /analyze- /errorReport:prompt main.cpp
         main.cpp
     1>c:\users\екатерина\desktop\новая папка\geometry\geometry\segment.h(273): warning C4244: 'initializing' : conversion from 'double' to 'int', possible loss of data
     1>c:\users\екатерина\desktop\новая папка\geometry\geometry\segment.h(285): warning C4244: 'initializing' : conversion from 'double' to 'int', possible loss of data
     1>c:\users\екатерина\desktop\новая папка\geometry\geometry\polygon.h(37): warning C4018: '<' : signed/unsigned mismatch
     1>c:\users\екатерина\desktop\новая папка\geometry\geometry\polygon.h(44): warning C4018: '<' : signed/unsigned mismatch
     1>c:\users\екатерина\desktop\новая папка\geometry\geometry\convpolygon.h(71): warning C4018: '<' : signed/unsigned mismatch
     1>c:\users\екатерина\desktop\новая папка\geometry\geometry\guadrangle.h(29): warning C4018: '<' : signed/unsigned mismatch
     1>c:\users\екатерина\desktop\новая папка\geometry\geometry\rectangle.h(53): warning C4018: '<' : signed/unsigned mismatch
     1>c:\users\екатерина\desktop\новая папка\geometry\geometry\square.h(35): warning C4018: '<' : signed/unsigned mismatch
     1>c:\users\екатерина\desktop\новая папка\geometry\geometry\triangle.h(31): warning C4018: '<' : signed/unsigned mismatch
     1>c:\users\екатерина\desktop\новая папка\geometry\geometry\vector.h(43): warning C4715: 'vec::pointVec' : not all control paths return a value
       Link:
         C:\Program Files (x86)\Microsoft Visual Studio 12.0\VC\bin\link.exe /ERRORREPORT:PROMPT /OUT:"C:\Users\Екатерина\Desktop\Новая папка\geometry\Debug\geometry.exe" /INCREMENTAL /NOLOGO kernel32.lib user32.lib gdi32.lib winspool.lib comdlg32.lib advapi32.lib shell32.lib ole32.lib oleaut32.lib uuid.lib odbc32.lib odbccp32.lib /MANIFEST /MANIFESTUAC:"level='asInvoker' uiAccess='false'" /manifest:embed /DEBUG /PDB:"C:\Users\Екатерина\Desktop\Новая папка\geometry\Debug\geometry.pdb" /SUBSYSTEM:CONSOLE /TLBID:1 /DYNAMICBASE /NXCOMPAT /IMPLIB:"C:\Users\Екатерина\Desktop\Новая папка\geometry\Debug\geometry.lib" /MACHINE:X86 Debug\main.obj
         geometry.vcxproj -> C:\Users\Екатерина\Desktop\Новая папка\geometry\Debug\geometry.exe
     1>Done Building Project "C:\Users\Екатерина\Desktop\Новая папка\geometry\geometry\geometry.vcxproj" (Build target(s)).

Build succeeded.

Time Elapsed 00:00:02.42
